# JRE version: OpenJDK Runtime Environment (11.0.11) (build 11.0.11+0-b60-7590822)
# Java VM: OpenJDK 64-Bit Server VM (11.0.11+0-b60-7590822, mixed mode, tiered, compressed oops, g1 gc, linux-amd64)
Heap:
 garbage-first heap   total 262144K, used 117286K [0x00000000e0000000, 0x0000000100000000)
  region size 1024K, 10 young (10240K), 9 survivors (9216K)
 Metaspace       used 130045K, capacity 133825K, committed 134092K, reserved 370688K
  class space    used 15955K, capacity 17335K, committed 17408K, reserved 253952K
GC Heap History (20 events):
Event: 1677.965 GC heap before
{Heap before GC invocations=59 (full 0):
 garbage-first heap   total 262144K, used 179967K [0x00000000e0000000, 0x0000000100000000)
  region size 1024K, 54 young (55296K), 7 survivors (7168K)
 Metaspace       used 129733K, capacity 133539K, committed 133836K, reserved 370688K
  class space    used 15954K, capacity 17333K, committed 17408K, reserved 253952K
}
Event: 1677.985 GC heap after
{Heap after GC invocations=60 (full 0):
 garbage-first heap   total 262144K, used 123427K [0x00000000e0000000, 0x0000000100000000)
  region size 1024K, 7 young (7168K), 7 survivors (7168K)
 Metaspace       used 129733K, capacity 133539K, committed 133836K, reserved 370688K
  class space    used 15954K, capacity 17333K, committed 17408K, reserved 253952K
}
Event: 1677.999 GC heap before
{Heap before GC invocations=60 (full 0):
 garbage-first heap   total 262144K, used 127523K [0x00000000e0000000, 0x0000000100000000)
  region size 1024K, 12 young (12288K), 7 survivors (7168K)
 Metaspace       used 129734K, capacity 133539K, committed 133836K, reserved 370688K
  class space    used 15954K, capacity 17333K, committed 17408K, reserved 253952K
}
Event: 1678.020 GC heap after
{Heap after GC invocations=61 (full 0):
 garbage-first heap   total 262144K, used 114306K [0x00000000e0000000, 0x0000000100000000)
  region size 1024K, 1 young (1024K), 1 survivors (1024K)
 Metaspace       used 129734K, capacity 133539K, committed 133836K, reserved 370688K
  class space    used 15954K, capacity 17333K, committed 17408K, reserved 253952K
}
Event: 1678.875 GC heap before
{Heap before GC invocations=61 (full 0):
 garbage-first heap   total 262144K, used 136834K [0x00000000e0000000, 0x0000000100000000)
  region size 1024K, 24 young (24576K), 1 survivors (1024K)
 Metaspace       used 129764K, capacity 133605K, committed 133836K, reserved 370688K
  class space    used 15954K, capacity 17333K, committed 17408K, reserved 253952K
}
Event: 1678.893 GC heap after
{Heap after GC invocations=62 (full 0):
 garbage-first heap   total 262144K, used 114399K [0x00000000e0000000, 0x0000000100000000)
  region size 1024K, 1 young (1024K), 1 survivors (1024K)
 Metaspace       used 129764K, capacity 133605K, committed 133836K, reserved 370688K
  class space    used 15954K, capacity 17333K, committed 17408K, reserved 253952K
}
Event: 1746.488 GC heap before
{Heap before GC invocations=63 (full 0):
 garbage-first heap   total 262144K, used 175839K [0x00000000e0000000, 0x0000000100000000)
  region size 1024K, 62 young (63488K), 1 survivors (1024K)
 Metaspace       used 129882K, capacity 133673K, committed 133836K, reserved 370688K
  class space    used 15954K, capacity 17333K, committed 17408K, reserved 253952K
}
Event: 1746.517 GC heap after
{Heap after GC invocations=64 (full 0):
 garbage-first heap   total 262144K, used 117985K [0x00000000e0000000, 0x0000000100000000)
  region size 1024K, 8 young (8192K), 8 survivors (8192K)
 Metaspace       used 129882K, capacity 133673K, committed 133836K, reserved 370688K
  class space    used 15954K, capacity 17333K, committed 17408K, reserved 253952K
}
Event: 1746.545 GC heap before
{Heap before GC invocations=64 (full 0):
 garbage-first heap   total 262144K, used 122081K [0x00000000e0000000, 0x0000000100000000)
  region size 1024K, 12 young (12288K), 8 survivors (8192K)
 Metaspace       used 129882K, capacity 133673K, committed 133836K, reserved 370688K
  class space    used 15954K, capacity 17333K, committed 17408K, reserved 253952K
}
Event: 1746.566 GC heap after
{Heap after GC invocations=65 (full 0):
 garbage-first heap   total 262144K, used 114085K [0x00000000e0000000, 0x0000000100000000)
  region size 1024K, 2 young (2048K), 2 survivors (2048K)
 Metaspace       used 129882K, capacity 133673K, committed 133836K, reserved 370688K
  class space    used 15954K, capacity 17333K, committed 17408K, reserved 253952K
}
Event: 1746.595 GC heap before
{Heap before GC invocations=65 (full 0):
 garbage-first heap   total 262144K, used 121253K [0x00000000e0000000, 0x0000000100000000)
  region size 1024K, 10 young (10240K), 2 survivors (2048K)
 Metaspace       used 129882K, capacity 133673K, committed 133836K, reserved 370688K
  class space    used 15954K, capacity 17333K, committed 17408K, reserved 253952K
}
Event: 1746.614 GC heap after
{Heap after GC invocations=66 (full 0):
 garbage-first heap   total 262144K, used 120391K [0x00000000e0000000, 0x0000000100000000)
  region size 1024K, 8 young (8192K), 8 survivors (8192K)
 Metaspace       used 129882K, capacity 133673K, committed 133836K, reserved 370688K
  class space    used 15954K, capacity 17333K, committed 17408K, reserved 253952K
}
Event: 1749.326 GC heap before
{Heap before GC invocations=67 (full 0):
 garbage-first heap   total 262144K, used 191047K [0x00000000e0000000, 0x0000000100000000)
  region size 1024K, 63 young (64512K), 8 survivors (8192K)
 Metaspace       used 129957K, capacity 133746K, committed 134092K, reserved 370688K
  class space    used 15954K, capacity 17333K, committed 17408K, reserved 253952K
}
Event: 1749.343 GC heap after
{Heap after GC invocations=68 (full 0):
 garbage-first heap   total 262144K, used 120273K [0x00000000e0000000, 0x0000000100000000)
  region size 1024K, 5 young (5120K), 5 survivors (5120K)
 Metaspace       used 129957K, capacity 133746K, committed 134092K, reserved 370688K
  class space    used 15954K, capacity 17333K, committed 17408K, reserved 253952K
}
Event: 1749.436 GC heap before
{Heap before GC invocations=68 (full 0):
 garbage-first heap   total 262144K, used 126417K [0x00000000e0000000, 0x0000000100000000)
  region size 1024K, 12 young (12288K), 5 survivors (5120K)
 Metaspace       used 129971K, capacity 133759K, committed 134092K, reserved 370688K
  class space    used 15955K, capacity 17335K, committed 17408K, reserved 253952K
}
Event: 1749.459 GC heap after
{Heap after GC invocations=69 (full 0):
 garbage-first heap   total 262144K, used 109088K [0x00000000e0000000, 0x0000000100000000)
  region size 1024K, 1 young (1024K), 1 survivors (1024K)
 Metaspace       used 129971K, capacity 133759K, committed 134092K, reserved 370688K
  class space    used 15955K, capacity 17335K, committed 17408K, reserved 253952K
}
Event: 1749.620 GC heap before
{Heap before GC invocations=69 (full 0):
 garbage-first heap   total 262144K, used 120352K [0x00000000e0000000, 0x0000000100000000)
  region size 1024K, 13 young (13312K), 1 survivors (1024K)
 Metaspace       used 129983K, capacity 133759K, committed 134092K, reserved 370688K
  class space    used 15955K, capacity 17335K, committed 17408K, reserved 253952K
}
Event: 1749.627 GC heap after
{Heap after GC invocations=70 (full 0):
 garbage-first heap   total 262144K, used 108901K [0x00000000e0000000, 0x0000000100000000)
  region size 1024K, 1 young (1024K), 1 survivors (1024K)
 Metaspace       used 129983K, capacity 133759K, committed 134092K, reserved 370688K
  class space    used 15955K, capacity 17335K, committed 17408K, reserved 253952K
}
Event: 1781.898 GC heap before
{Heap before GC invocations=71 (full 0):
 garbage-first heap   total 262144K, used 179557K [0x00000000e0000000, 0x0000000100000000)
  region size 1024K, 68 young (69632K), 1 survivors (1024K)
 Metaspace       used 130044K, capacity 133825K, committed 134092K, reserved 370688K
  class space    used 15955K, capacity 17335K, committed 17408K, reserved 253952K
}
Event: 1781.936 GC heap after
{Heap after GC invocations=72 (full 0):
 garbage-first heap   total 262144K, used 117286K [0x00000000e0000000, 0x0000000100000000)
  region size 1024K, 9 young (9216K), 9 survivors (9216K)
 Metaspace       used 130044K, capacity 133825K, committed 134092K, reserved 370688K
  class space    used 15955K, capacity 17335K, committed 17408K, reserved 253952K
}

